21:42:21.709 [main] INFO  c.e.community.utils.DigesterTest - com.eastteam.community.entity.WeixinMessage@146c1d4[fromUserName=ooKCXs710jt2KQryzpR5diBmXbJA,toUserName=gh_01ae4922ad92,createTime=1411884683,messageType=text,content=hellow,messageId=6063998539409892879]
21:44:34.651 [main] INFO  c.e.community.utils.DigesterTest - com.eastteam.community.entity.WeixinMessage@92bbba[fromUserName=ooKCXs710jt2KQryzpR5diBmXbJA,toUserName=gh_01ae4922ad92,createTime=1411884683,messageType=text,content=hellow,messageId=6063998539409892879]
21:47:23.381 [main] INFO  c.e.community.utils.DigesterTest - com.eastteam.community.entity.WeixinMessage@92bbba[fromUserName=ooKCXs710jt2KQryzpR5diBmXbJA,toUserName=gh_01ae4922ad92,createTime=1411884683,messageType=text,content=hellow,messageId=6063998539409892879]
22:09:24.760 [main] INFO  c.e.community.utils.DigesterTest - com.eastteam.community.weichat.message.TextWeiChatMessage@162dbb6[content=hellow,fromUserName=ooKCXs710jt2KQryzpR5diBmXbJA,toUserName=gh_01ae4922ad92,createTime=1411884683,messageType=text,messageId=6063998539409892879]
22:15:31.971 [main] INFO  c.e.community.utils.DigesterTest - com.eastteam.community.weichat.message.TextWeiChatMessage@92bbba[content=hellow,fromUserName=ooKCXs710jt2KQryzpR5diBmXbJA,toUserName=gh_01ae4922ad92,createTime=1411884683,messageType=text,messageId=6063998539409892879]
22:38:26.307 [main] INFO  c.e.community.utils.DigesterTest - com.eastteam.community.weichat.message.Message4Digester@5f8172[content=hellow,picUrl=<null>,mediaId=<null>,format=<null>,thumbMediaId=<null>,locationX=<null>,locationY=<null>,scale=<null>,label=<null>,title=<null>,description=<null>,url=<null>,fromUserName=ooKCXs710jt2KQryzpR5diBmXbJA,toUserName=gh_01ae4922ad92,createTime=1411884683,messageType=text,messageId=6063998539409892879]
23:36:33.218 [main] ERROR c.e.c.weichat.message.MessageFactory - MessageFactory occurred error
java.net.MalformedURLException: no protocol: <xml>
	<ToUserName><![CDATA[gh_01ae4922ad92]]></ToUserName>
	<FromUserName><![CDATA[ooKCXs710jt2KQryzpR5diBmXbJA]]></FromUserName>
	<CreateTime>1411884683</CreateTime>
	<MsgType><![CDATA[text]]></MsgType>
	<Content><![CDATA[hellow]]></Content>
	<MsgId>6063998539409892879</MsgId>
</xml>
	at java.net.URL.<init>(URL.java:567) ~[na:1.6.0_43]
	at java.net.URL.<init>(URL.java:464) ~[na:1.6.0_43]
	at java.net.URL.<init>(URL.java:413) ~[na:1.6.0_43]
	at org.apache.commons.digester3.Digester.createInputSourceFromURL(Digester.java:2012) ~[commons-digester3-3.2.jar:3.2]
	at org.apache.commons.digester3.Digester.parse(Digester.java:1789) ~[commons-digester3-3.2.jar:3.2]
	at com.eastteam.community.weichat.message.MessageFactory.createWeiChatMessage(MessageFactory.java:16) ~[classes/:na]
	at com.eastteam.community.utils.MessageFactoryTest.testCreateWeichatMessage(MessageFactoryTest.java:15) [classes/:na]
	at sun.reflect.NativeMethodAccessorImpl.invoke0(Native Method) ~[na:1.6.0_43]
	at sun.reflect.NativeMethodAccessorImpl.invoke(NativeMethodAccessorImpl.java:39) ~[na:1.6.0_43]
	at sun.reflect.DelegatingMethodAccessorImpl.invoke(DelegatingMethodAccessorImpl.java:25) ~[na:1.6.0_43]
	at java.lang.reflect.Method.invoke(Method.java:597) ~[na:1.6.0_43]
	at org.junit.runners.model.FrameworkMethod$1.runReflectiveCall(FrameworkMethod.java:45) [junit.jar:na]
	at org.junit.internal.runners.model.ReflectiveCallable.run(ReflectiveCallable.java:15) [junit.jar:na]
	at org.junit.runners.model.FrameworkMethod.invokeExplosively(FrameworkMethod.java:42) [junit.jar:na]
	at org.junit.internal.runners.statements.InvokeMethod.evaluate(InvokeMethod.java:20) [junit.jar:na]
	at org.junit.runners.ParentRunner.runLeaf(ParentRunner.java:263) [junit.jar:na]
	at org.junit.runners.BlockJUnit4ClassRunner.runChild(BlockJUnit4ClassRunner.java:68) [junit.jar:na]
	at org.junit.runners.BlockJUnit4ClassRunner.runChild(BlockJUnit4ClassRunner.java:47) [junit.jar:na]
	at org.junit.runners.ParentRunner$3.run(ParentRunner.java:231) [junit.jar:na]
	at org.junit.runners.ParentRunner$1.schedule(ParentRunner.java:60) [junit.jar:na]
	at org.junit.runners.ParentRunner.runChildren(ParentRunner.java:229) [junit.jar:na]
	at org.junit.runners.ParentRunner.access$000(ParentRunner.java:50) [junit.jar:na]
	at org.junit.runners.ParentRunner$2.evaluate(ParentRunner.java:222) [junit.jar:na]
	at org.junit.runners.ParentRunner.run(ParentRunner.java:300) [junit.jar:na]
	at org.eclipse.jdt.internal.junit4.runner.JUnit4TestReference.run(JUnit4TestReference.java:50) [.cp/:na]
	at org.eclipse.jdt.internal.junit.runner.TestExecution.run(TestExecution.java:38) [.cp/:na]
	at org.eclipse.jdt.internal.junit.runner.RemoteTestRunner.runTests(RemoteTestRunner.java:467) [.cp/:na]
	at org.eclipse.jdt.internal.junit.runner.RemoteTestRunner.runTests(RemoteTestRunner.java:683) [.cp/:na]
	at org.eclipse.jdt.internal.junit.runner.RemoteTestRunner.run(RemoteTestRunner.java:390) [.cp/:na]
	at org.eclipse.jdt.internal.junit.runner.RemoteTestRunner.main(RemoteTestRunner.java:197) [.cp/:na]
23:38:17.491 [main] ERROR c.e.c.weichat.message.MessageFactory - MessageFactory occurred error
java.net.MalformedURLException: no protocol: <xml>
	<ToUserName><![CDATA[gh_01ae4922ad92]]></ToUserName>
	<FromUserName><![CDATA[ooKCXs710jt2KQryzpR5diBmXbJA]]></FromUserName>
	<CreateTime>1411884683</CreateTime>
	<MsgType><![CDATA[text]]></MsgType>
	<Content><![CDATA[hellow]]></Content>
	<MsgId>6063998539409892879</MsgId>
</xml>
	at java.net.URL.<init>(URL.java:567) ~[na:1.6.0_43]
	at java.net.URL.<init>(URL.java:464) ~[na:1.6.0_43]
	at java.net.URL.<init>(URL.java:413) ~[na:1.6.0_43]
	at org.apache.commons.digester3.Digester.createInputSourceFromURL(Digester.java:2012) ~[commons-digester3-3.2.jar:3.2]
	at org.apache.commons.digester3.Digester.parse(Digester.java:1789) ~[commons-digester3-3.2.jar:3.2]
	at com.eastteam.community.weichat.message.MessageFactory.createWeiChatMessage(MessageFactory.java:16) ~[classes/:na]
	at com.eastteam.community.utils.MessageFactoryTest.testCreateWeichatMessage(MessageFactoryTest.java:15) [classes/:na]
	at sun.reflect.NativeMethodAccessorImpl.invoke0(Native Method) ~[na:1.6.0_43]
	at sun.reflect.NativeMethodAccessorImpl.invoke(NativeMethodAccessorImpl.java:39) ~[na:1.6.0_43]
	at sun.reflect.DelegatingMethodAccessorImpl.invoke(DelegatingMethodAccessorImpl.java:25) ~[na:1.6.0_43]
	at java.lang.reflect.Method.invoke(Method.java:597) ~[na:1.6.0_43]
	at org.junit.runners.model.FrameworkMethod$1.runReflectiveCall(FrameworkMethod.java:45) [junit.jar:na]
	at org.junit.internal.runners.model.ReflectiveCallable.run(ReflectiveCallable.java:15) [junit.jar:na]
	at org.junit.runners.model.FrameworkMethod.invokeExplosively(FrameworkMethod.java:42) [junit.jar:na]
	at org.junit.internal.runners.statements.InvokeMethod.evaluate(InvokeMethod.java:20) [junit.jar:na]
	at org.junit.runners.ParentRunner.runLeaf(ParentRunner.java:263) [junit.jar:na]
	at org.junit.runners.BlockJUnit4ClassRunner.runChild(BlockJUnit4ClassRunner.java:68) [junit.jar:na]
	at org.junit.runners.BlockJUnit4ClassRunner.runChild(BlockJUnit4ClassRunner.java:47) [junit.jar:na]
	at org.junit.runners.ParentRunner$3.run(ParentRunner.java:231) [junit.jar:na]
	at org.junit.runners.ParentRunner$1.schedule(ParentRunner.java:60) [junit.jar:na]
	at org.junit.runners.ParentRunner.runChildren(ParentRunner.java:229) [junit.jar:na]
	at org.junit.runners.ParentRunner.access$000(ParentRunner.java:50) [junit.jar:na]
	at org.junit.runners.ParentRunner$2.evaluate(ParentRunner.java:222) [junit.jar:na]
	at org.junit.runners.ParentRunner.run(ParentRunner.java:300) [junit.jar:na]
	at org.eclipse.jdt.internal.junit4.runner.JUnit4TestReference.run(JUnit4TestReference.java:50) [.cp/:na]
	at org.eclipse.jdt.internal.junit.runner.TestExecution.run(TestExecution.java:38) [.cp/:na]
	at org.eclipse.jdt.internal.junit.runner.RemoteTestRunner.runTests(RemoteTestRunner.java:467) [.cp/:na]
	at org.eclipse.jdt.internal.junit.runner.RemoteTestRunner.runTests(RemoteTestRunner.java:683) [.cp/:na]
	at org.eclipse.jdt.internal.junit.runner.RemoteTestRunner.run(RemoteTestRunner.java:390) [.cp/:na]
	at org.eclipse.jdt.internal.junit.runner.RemoteTestRunner.main(RemoteTestRunner.java:197) [.cp/:na]
23:40:56.026 [main] INFO  c.e.community.utils.DigesterTest - com.eastteam.community.weichat.message.Message4Digester@146c1d4[content=hellow,picUrl=<null>,mediaId=<null>,format=<null>,thumbMediaId=<null>,locationX=<null>,locationY=<null>,scale=<null>,label=<null>,title=<null>,description=<null>,url=<null>,fromUserName=ooKCXs710jt2KQryzpR5diBmXbJA,toUserName=gh_01ae4922ad92,createTime=1411884683,messageType=text,messageId=6063998539409892879]
